2005.11.30 10:33 B D:\previsul\smarty\plugins\block.textformat.php <-- previsul /html/smarty/plugins block.textformat.php
2005.11.30 10:33 B D:\previsul\smarty\plugins\compiler.assign.php <-- previsul /html/smarty/plugins compiler.assign.php
2005.11.30 10:33 B D:\previsul\smarty\plugins\function.assign.php <-- previsul /html/smarty/plugins function.assign.php
2005.11.30 10:33 B D:\previsul\smarty\plugins\function.assign_debug_info.php <-- previsul /html/smarty/plugins function.assign_debug_info.php
2005.11.30 10:33 B D:\previsul\smarty\plugins\function.config_load.php <-- previsul /html/smarty/plugins function.config_load.php
2005.11.30 10:33 B D:\previsul\smarty\plugins\function.counter.php <-- previsul /html/smarty/plugins function.counter.php
2005.11.30 10:33 B D:\previsul\smarty\plugins\function.cycle.php <-- previsul /html/smarty/plugins function.cycle.php
2005.11.30 10:33 B D:\previsul\smarty\plugins\function.debug.php <-- previsul /html/smarty/plugins function.debug.php
2005.11.30 10:33 B D:\previsul\smarty\plugins\function.eval.php <-- previsul /html/smarty/plugins function.eval.php
2005.11.30 10:33 B D:\previsul\smarty\plugins\function.fetch.php <-- previsul /html/smarty/plugins function.fetch.php
2005.11.30 10:33 B D:\previsul\smarty\plugins\function.html_checkboxes.php <-- previsul /html/smarty/plugins function.html_checkboxes.php
2005.11.30 10:33 B D:\previsul\smarty\plugins\function.html_image.php <-- previsul /html/smarty/plugins function.html_image.php
2005.11.30 10:33 B D:\previsul\smarty\plugins\function.html_options.php <-- previsul /html/smarty/plugins function.html_options.php
2005.11.30 10:33 B D:\previsul\smarty\plugins\function.html_radios.php <-- previsul /html/smarty/plugins function.html_radios.php
2005.11.30 10:33 B D:\previsul\smarty\plugins\function.html_select_date.php <-- previsul /html/smarty/plugins function.html_select_date.php
2005.11.30 10:33 B D:\previsul\smarty\plugins\function.html_select_time.php <-- previsul /html/smarty/plugins function.html_select_time.php
2005.11.30 10:33 B D:\previsul\smarty\plugins\function.html_table.php <-- previsul /html/smarty/plugins function.html_table.php
2005.11.30 10:33 B D:\previsul\smarty\plugins\function.mailto.php <-- previsul /html/smarty/plugins function.mailto.php
2005.11.30 10:33 B D:\previsul\smarty\plugins\function.math.php <-- previsul /html/smarty/plugins function.math.php
2005.11.30 10:33 B D:\previsul\smarty\plugins\function.popup.php <-- previsul /html/smarty/plugins function.popup.php
2005.11.30 10:33 B D:\previsul\smarty\plugins\function.popup_init.php <-- previsul /html/smarty/plugins function.popup_init.php
2005.11.30 10:33 B D:\previsul\smarty\plugins\modifier.capitalize.php <-- previsul /html/smarty/plugins modifier.capitalize.php
2005.11.30 10:33 B D:\previsul\smarty\plugins\modifier.cat.php <-- previsul /html/smarty/plugins modifier.cat.php
2005.11.30 10:33 B D:\previsul\smarty\plugins\modifier.count_characters.php <-- previsul /html/smarty/plugins modifier.count_characters.php
2005.11.30 10:33 B D:\previsul\smarty\plugins\modifier.count_paragraphs.php <-- previsul /html/smarty/plugins modifier.count_paragraphs.php
2005.11.30 10:33 B D:\previsul\smarty\plugins\modifier.count_sentences.php <-- previsul /html/smarty/plugins modifier.count_sentences.php
2005.11.30 10:33 B D:\previsul\smarty\plugins\modifier.count_words.php <-- previsul /html/smarty/plugins modifier.count_words.php
2005.11.30 10:33 B D:\previsul\smarty\plugins\modifier.date_format.php <-- previsul /html/smarty/plugins modifier.date_format.php
2005.11.30 10:33 B D:\previsul\smarty\plugins\modifier.debug_print_var.php <-- previsul /html/smarty/plugins modifier.debug_print_var.php
2005.11.30 10:33 B D:\previsul\smarty\plugins\modifier.default.php <-- previsul /html/smarty/plugins modifier.default.php
2005.11.30 10:33 B D:\previsul\smarty\plugins\modifier.escape.php <-- previsul /html/smarty/plugins modifier.escape.php
2005.11.30 10:33 B D:\previsul\smarty\plugins\modifier.indent.php <-- previsul /html/smarty/plugins modifier.indent.php
2005.11.30 10:33 B D:\previsul\smarty\plugins\modifier.lower.php <-- previsul /html/smarty/plugins modifier.lower.php
2005.11.30 10:33 B D:\previsul\smarty\plugins\modifier.nl2br.php <-- previsul /html/smarty/plugins modifier.nl2br.php
2005.11.30 10:33 B D:\previsul\smarty\plugins\modifier.regex_replace.php <-- previsul /html/smarty/plugins modifier.regex_replace.php
2005.11.30 10:33 B D:\previsul\smarty\plugins\modifier.replace.php <-- previsul /html/smarty/plugins modifier.replace.php
2005.11.30 10:33 B D:\previsul\smarty\plugins\modifier.spacify.php <-- previsul /html/smarty/plugins modifier.spacify.php
2005.11.30 10:33 B D:\previsul\smarty\plugins\modifier.string_format.php <-- previsul /html/smarty/plugins modifier.string_format.php
2005.11.30 10:33 B D:\previsul\smarty\plugins\modifier.strip.php <-- previsul /html/smarty/plugins modifier.strip.php
2005.11.30 10:33 B D:\previsul\smarty\plugins\modifier.strip_tags.php <-- previsul /html/smarty/plugins modifier.strip_tags.php
2005.11.30 10:33 B D:\previsul\smarty\plugins\modifier.truncate.php <-- previsul /html/smarty/plugins modifier.truncate.php
2005.11.30 10:33 B D:\previsul\smarty\plugins\modifier.upper.php <-- previsul /html/smarty/plugins modifier.upper.php
2005.11.30 10:33 B D:\previsul\smarty\plugins\modifier.wordwrap.php <-- previsul /html/smarty/plugins modifier.wordwrap.php
2005.11.30 10:33 B D:\previsul\smarty\plugins\outputfilter.trimwhitespace.php <-- previsul /html/smarty/plugins outputfilter.trimwhitespace.php
2005.11.30 10:33 B D:\previsul\smarty\plugins\shared.escape_special_chars.php <-- previsul /html/smarty/plugins shared.escape_special_chars.php
2005.11.30 10:33 B D:\previsul\smarty\plugins\shared.make_timestamp.php <-- previsul /html/smarty/plugins shared.make_timestamp.php
2005.11.30 12:45 B D:\previsul\smarty\plugins\block.textformat.php --> plugsd01.plugin.com.br /html/smarty/plugins block.textformat.php
2005.11.30 12:45 B D:\previsul\smarty\plugins\compiler.assign.php --> plugsd01.plugin.com.br /html/smarty/plugins compiler.assign.php
2005.11.30 12:45 B D:\previsul\smarty\plugins\function.assign.php --> plugsd01.plugin.com.br /html/smarty/plugins function.assign.php
2005.11.30 12:45 B D:\previsul\smarty\plugins\function.assign_debug_info.php --> plugsd01.plugin.com.br /html/smarty/plugins function.assign_debug_info.php
2005.11.30 12:45 B D:\previsul\smarty\plugins\function.config_load.php --> plugsd01.plugin.com.br /html/smarty/plugins function.config_load.php
2005.11.30 12:45 B D:\previsul\smarty\plugins\function.counter.php --> plugsd01.plugin.com.br /html/smarty/plugins function.counter.php
2005.11.30 12:45 B D:\previsul\smarty\plugins\function.cycle.php --> plugsd01.plugin.com.br /html/smarty/plugins function.cycle.php
2005.11.30 12:45 B D:\previsul\smarty\plugins\function.debug.php --> plugsd01.plugin.com.br /html/smarty/plugins function.debug.php
2005.11.30 12:45 B D:\previsul\smarty\plugins\function.eval.php --> plugsd01.plugin.com.br /html/smarty/plugins function.eval.php
2005.11.30 12:45 B D:\previsul\smarty\plugins\function.fetch.php --> plugsd01.plugin.com.br /html/smarty/plugins function.fetch.php
2005.11.30 12:45 B D:\previsul\smarty\plugins\function.html_checkboxes.php --> plugsd01.plugin.com.br /html/smarty/plugins function.html_checkboxes.php
2005.11.30 12:45 B D:\previsul\smarty\plugins\function.html_image.php --> plugsd01.plugin.com.br /html/smarty/plugins function.html_image.php
2005.11.30 12:45 B D:\previsul\smarty\plugins\function.html_options.php --> plugsd01.plugin.com.br /html/smarty/plugins function.html_options.php
2005.11.30 12:45 B D:\previsul\smarty\plugins\function.html_radios.php --> plugsd01.plugin.com.br /html/smarty/plugins function.html_radios.php
2005.11.30 12:45 B D:\previsul\smarty\plugins\function.html_select_date.php --> plugsd01.plugin.com.br /html/smarty/plugins function.html_select_date.php
2005.11.30 12:45 B D:\previsul\smarty\plugins\function.html_select_time.php --> plugsd01.plugin.com.br /html/smarty/plugins function.html_select_time.php
2005.11.30 12:45 B D:\previsul\smarty\plugins\function.html_table.php --> plugsd01.plugin.com.br /html/smarty/plugins function.html_table.php
2005.11.30 12:45 B D:\previsul\smarty\plugins\function.mailto.php --> plugsd01.plugin.com.br /html/smarty/plugins function.mailto.php
2005.11.30 12:45 B D:\previsul\smarty\plugins\function.math.php --> plugsd01.plugin.com.br /html/smarty/plugins function.math.php
2005.11.30 12:45 B D:\previsul\smarty\plugins\function.popup.php --> plugsd01.plugin.com.br /html/smarty/plugins function.popup.php
2005.11.30 12:45 B D:\previsul\smarty\plugins\function.popup_init.php --> plugsd01.plugin.com.br /html/smarty/plugins function.popup_init.php
2005.11.30 12:45 B D:\previsul\smarty\plugins\modifier.capitalize.php --> plugsd01.plugin.com.br /html/smarty/plugins modifier.capitalize.php
2005.11.30 12:45 B D:\previsul\smarty\plugins\modifier.cat.php --> plugsd01.plugin.com.br /html/smarty/plugins modifier.cat.php
2005.11.30 12:45 B D:\previsul\smarty\plugins\modifier.count_characters.php --> plugsd01.plugin.com.br /html/smarty/plugins modifier.count_characters.php
2005.11.30 12:45 B D:\previsul\smarty\plugins\modifier.count_paragraphs.php --> plugsd01.plugin.com.br /html/smarty/plugins modifier.count_paragraphs.php
2005.11.30 12:45 B D:\previsul\smarty\plugins\modifier.count_sentences.php --> plugsd01.plugin.com.br /html/smarty/plugins modifier.count_sentences.php
2005.11.30 12:45 B D:\previsul\smarty\plugins\modifier.count_words.php --> plugsd01.plugin.com.br /html/smarty/plugins modifier.count_words.php
2005.11.30 12:45 B D:\previsul\smarty\plugins\modifier.date_format.php --> plugsd01.plugin.com.br /html/smarty/plugins modifier.date_format.php
2005.11.30 12:45 B D:\previsul\smarty\plugins\modifier.debug_print_var.php --> plugsd01.plugin.com.br /html/smarty/plugins modifier.debug_print_var.php
2005.11.30 12:45 B D:\previsul\smarty\plugins\modifier.default.php --> plugsd01.plugin.com.br /html/smarty/plugins modifier.default.php
2005.11.30 12:45 B D:\previsul\smarty\plugins\modifier.escape.php --> plugsd01.plugin.com.br /html/smarty/plugins modifier.escape.php
2005.11.30 12:45 B D:\previsul\smarty\plugins\modifier.indent.php --> plugsd01.plugin.com.br /html/smarty/plugins modifier.indent.php
2005.11.30 12:45 B D:\previsul\smarty\plugins\modifier.lower.php --> plugsd01.plugin.com.br /html/smarty/plugins modifier.lower.php
2005.11.30 12:45 B D:\previsul\smarty\plugins\modifier.nl2br.php --> plugsd01.plugin.com.br /html/smarty/plugins modifier.nl2br.php
2005.11.30 12:45 B D:\previsul\smarty\plugins\modifier.regex_replace.php --> plugsd01.plugin.com.br /html/smarty/plugins modifier.regex_replace.php
2005.11.30 12:45 B D:\previsul\smarty\plugins\modifier.replace.php --> plugsd01.plugin.com.br /html/smarty/plugins modifier.replace.php
2005.11.30 12:45 B D:\previsul\smarty\plugins\modifier.spacify.php --> plugsd01.plugin.com.br /html/smarty/plugins modifier.spacify.php
2005.11.30 12:45 B D:\previsul\smarty\plugins\modifier.string_format.php --> plugsd01.plugin.com.br /html/smarty/plugins modifier.string_format.php
2005.11.30 12:45 B D:\previsul\smarty\plugins\modifier.strip.php --> plugsd01.plugin.com.br /html/smarty/plugins modifier.strip.php
2005.11.30 12:45 B D:\previsul\smarty\plugins\modifier.strip_tags.php --> plugsd01.plugin.com.br /html/smarty/plugins modifier.strip_tags.php
2005.11.30 12:45 B D:\previsul\smarty\plugins\modifier.truncate.php --> plugsd01.plugin.com.br /html/smarty/plugins modifier.truncate.php
2005.11.30 12:45 B D:\previsul\smarty\plugins\modifier.upper.php --> plugsd01.plugin.com.br /html/smarty/plugins modifier.upper.php
2005.11.30 12:45 B D:\previsul\smarty\plugins\modifier.wordwrap.php --> plugsd01.plugin.com.br /html/smarty/plugins modifier.wordwrap.php
2005.11.30 12:45 B D:\previsul\smarty\plugins\outputfilter.trimwhitespace.php --> plugsd01.plugin.com.br /html/smarty/plugins outputfilter.trimwhitespace.php
2005.11.30 12:45 B D:\previsul\smarty\plugins\shared.escape_special_chars.php --> plugsd01.plugin.com.br /html/smarty/plugins shared.escape_special_chars.php
2005.11.30 12:45 B D:\previsul\smarty\plugins\shared.make_timestamp.php --> plugsd01.plugin.com.br /html/smarty/plugins shared.make_timestamp.php
