2005.11.30 10:33 B D:\previsul\smarty\core\core.assemble_plugin_filepath.php <-- previsul /html/smarty/core core.assemble_plugin_filepath.php
2005.11.30 10:33 B D:\previsul\smarty\core\core.assign_smarty_interface.php <-- previsul /html/smarty/core core.assign_smarty_interface.php
2005.11.30 10:33 B D:\previsul\smarty\core\core.create_dir_structure.php <-- previsul /html/smarty/core core.create_dir_structure.php
2005.11.30 10:33 B D:\previsul\smarty\core\core.display_debug_console.php <-- previsul /html/smarty/core core.display_debug_console.php
2005.11.30 10:33 B D:\previsul\smarty\core\core.get_include_path.php <-- previsul /html/smarty/core core.get_include_path.php
2005.11.30 10:33 B D:\previsul\smarty\core\core.get_microtime.php <-- previsul /html/smarty/core core.get_microtime.php
2005.11.30 10:33 B D:\previsul\smarty\core\core.get_php_resource.php <-- previsul /html/smarty/core core.get_php_resource.php
2005.11.30 10:33 B D:\previsul\smarty\core\core.is_secure.php <-- previsul /html/smarty/core core.is_secure.php
2005.11.30 10:33 B D:\previsul\smarty\core\core.is_trusted.php <-- previsul /html/smarty/core core.is_trusted.php
2005.11.30 10:33 B D:\previsul\smarty\core\core.load_plugins.php <-- previsul /html/smarty/core core.load_plugins.php
2005.11.30 10:33 B D:\previsul\smarty\core\core.load_resource_plugin.php <-- previsul /html/smarty/core core.load_resource_plugin.php
2005.11.30 10:33 B D:\previsul\smarty\core\core.process_cached_inserts.php <-- previsul /html/smarty/core core.process_cached_inserts.php
2005.11.30 10:33 B D:\previsul\smarty\core\core.process_compiled_include.php <-- previsul /html/smarty/core core.process_compiled_include.php
2005.11.30 10:33 B D:\previsul\smarty\core\core.read_cache_file.php <-- previsul /html/smarty/core core.read_cache_file.php
2005.11.30 10:33 B D:\previsul\smarty\core\core.rm_auto.php <-- previsul /html/smarty/core core.rm_auto.php
2005.11.30 10:33 B D:\previsul\smarty\core\core.rmdir.php <-- previsul /html/smarty/core core.rmdir.php
2005.11.30 10:33 B D:\previsul\smarty\core\core.run_insert_handler.php <-- previsul /html/smarty/core core.run_insert_handler.php
2005.11.30 10:33 B D:\previsul\smarty\core\core.smarty_include_php.php <-- previsul /html/smarty/core core.smarty_include_php.php
2005.11.30 10:33 B D:\previsul\smarty\core\core.write_cache_file.php <-- previsul /html/smarty/core core.write_cache_file.php
2005.11.30 10:33 B D:\previsul\smarty\core\core.write_compiled_include.php <-- previsul /html/smarty/core core.write_compiled_include.php
2005.11.30 10:33 B D:\previsul\smarty\core\core.write_compiled_resource.php <-- previsul /html/smarty/core core.write_compiled_resource.php
2005.11.30 10:33 B D:\previsul\smarty\core\core.write_file.php <-- previsul /html/smarty/core core.write_file.php
2005.11.30 12:45 B D:\previsul\smarty\core\core.assemble_plugin_filepath.php --> plugsd01.plugin.com.br /html/smarty/core core.assemble_plugin_filepath.php
2005.11.30 12:45 B D:\previsul\smarty\core\core.assign_smarty_interface.php --> plugsd01.plugin.com.br /html/smarty/core core.assign_smarty_interface.php
2005.11.30 12:45 B D:\previsul\smarty\core\core.create_dir_structure.php --> plugsd01.plugin.com.br /html/smarty/core core.create_dir_structure.php
2005.11.30 12:45 B D:\previsul\smarty\core\core.display_debug_console.php --> plugsd01.plugin.com.br /html/smarty/core core.display_debug_console.php
2005.11.30 12:45 B D:\previsul\smarty\core\core.get_include_path.php --> plugsd01.plugin.com.br /html/smarty/core core.get_include_path.php
2005.11.30 12:45 B D:\previsul\smarty\core\core.get_microtime.php --> plugsd01.plugin.com.br /html/smarty/core core.get_microtime.php
2005.11.30 12:45 B D:\previsul\smarty\core\core.get_php_resource.php --> plugsd01.plugin.com.br /html/smarty/core core.get_php_resource.php
2005.11.30 12:45 B D:\previsul\smarty\core\core.is_secure.php --> plugsd01.plugin.com.br /html/smarty/core core.is_secure.php
2005.11.30 12:45 B D:\previsul\smarty\core\core.is_trusted.php --> plugsd01.plugin.com.br /html/smarty/core core.is_trusted.php
2005.11.30 12:45 B D:\previsul\smarty\core\core.load_plugins.php --> plugsd01.plugin.com.br /html/smarty/core core.load_plugins.php
2005.11.30 12:45 B D:\previsul\smarty\core\core.load_resource_plugin.php --> plugsd01.plugin.com.br /html/smarty/core core.load_resource_plugin.php
2005.11.30 12:45 B D:\previsul\smarty\core\core.process_cached_inserts.php --> plugsd01.plugin.com.br /html/smarty/core core.process_cached_inserts.php
2005.11.30 12:45 B D:\previsul\smarty\core\core.process_compiled_include.php --> plugsd01.plugin.com.br /html/smarty/core core.process_compiled_include.php
2005.11.30 12:45 B D:\previsul\smarty\core\core.read_cache_file.php --> plugsd01.plugin.com.br /html/smarty/core core.read_cache_file.php
2005.11.30 12:45 B D:\previsul\smarty\core\core.rm_auto.php --> plugsd01.plugin.com.br /html/smarty/core core.rm_auto.php
2005.11.30 12:45 B D:\previsul\smarty\core\core.rmdir.php --> plugsd01.plugin.com.br /html/smarty/core core.rmdir.php
2005.11.30 12:45 B D:\previsul\smarty\core\core.run_insert_handler.php --> plugsd01.plugin.com.br /html/smarty/core core.run_insert_handler.php
2005.11.30 12:45 B D:\previsul\smarty\core\core.smarty_include_php.php --> plugsd01.plugin.com.br /html/smarty/core core.smarty_include_php.php
2005.11.30 12:45 B D:\previsul\smarty\core\core.write_cache_file.php --> plugsd01.plugin.com.br /html/smarty/core core.write_cache_file.php
2005.11.30 12:45 B D:\previsul\smarty\core\core.write_compiled_include.php --> plugsd01.plugin.com.br /html/smarty/core core.write_compiled_include.php
2005.11.30 12:45 B D:\previsul\smarty\core\core.write_compiled_resource.php --> plugsd01.plugin.com.br /html/smarty/core core.write_compiled_resource.php
2005.11.30 12:45 B D:\previsul\smarty\core\core.write_file.php --> plugsd01.plugin.com.br /html/smarty/core core.write_file.php
